\BOOKMARK [1][-]{section.1}{Duties}{}% 1
\BOOKMARK [2][-]{subsection.1.1}{Speech in freshers week}{section.1}% 2
\BOOKMARK [2][-]{subsection.1.2}{Future and ongoing projects}{section.1}% 3
\BOOKMARK [2][-]{subsection.1.3}{Committee membership}{section.1}% 4
\BOOKMARK [1][-]{section.2}{Stuff to do first}{}% 5
\BOOKMARK [2][-]{subsection.2.1}{Fire induction}{section.2}% 6
\BOOKMARK [2][-]{subsection.2.2}{Liquor induction}{section.2}% 7
\BOOKMARK [2][-]{subsection.2.3}{Pre-dinner drinks}{section.2}% 8
\BOOKMARK [2][-]{subsection.2.4}{MCR calendar}{section.2}% 9
\BOOKMARK [2][-]{subsection.2.5}{Term card}{section.2}% 10
\BOOKMARK [1][-]{section.3}{Super halls}{}% 11
\BOOKMARK [2][-]{subsection.3.1}{Halloween}{section.3}% 12
\BOOKMARK [2][-]{subsection.3.2}{Xmas}{section.3}% 13
\BOOKMARK [2][-]{subsection.3.3}{Burn's night}{section.3}% 14
\BOOKMARK [2][-]{subsection.3.4}{End of year dinner}{section.3}% 15
\BOOKMARK [1][-]{section.4}{Other events}{}% 16
\BOOKMARK [2][-]{subsection.4.1}{Swaps}{section.4}% 17
\BOOKMARK [3][-]{subsubsection.4.1.1}{Colleges}{subsection.4.1}% 18
\BOOKMARK [3][-]{subsubsection.4.1.2}{When they visit}{subsection.4.1}% 19
\BOOKMARK [3][-]{subsubsection.4.1.3}{Selling tickets}{subsection.4.1}% 20
\BOOKMARK [3][-]{subsubsection.4.1.4}{Getting the money}{subsection.4.1}% 21
\BOOKMARK [2][-]{subsection.4.2}{Grad bar night}{section.4}% 22
\BOOKMARK [2][-]{subsection.4.3}{MCR bake off}{section.4}% 23
\BOOKMARK [2][-]{subsection.4.4}{Wine tasting}{section.4}% 24
\BOOKMARK [2][-]{subsection.4.5}{Beer tasting}{section.4}% 25
\BOOKMARK [2][-]{subsection.4.6}{Whisky night}{section.4}% 26
\BOOKMARK [2][-]{subsection.4.7}{Speed dating}{section.4}% 27
