\BOOKMARK [1][-]{section.1}{Stuff to do first}{}% 1
\BOOKMARK [2][-]{subsection.1.1}{Fire induction}{section.1}% 2
\BOOKMARK [2][-]{subsection.1.2}{Liquor induction}{section.1}% 3
\BOOKMARK [2][-]{subsection.1.3}{Pre-dinner drinks}{section.1}% 4
\BOOKMARK [2][-]{subsection.1.4}{MCR calendar}{section.1}% 5
\BOOKMARK [2][-]{subsection.1.5}{Term card}{section.1}% 6
\BOOKMARK [1][-]{section.2}{Freshers fornight}{}% 7
\BOOKMARK [2][-]{subsection.2.1}{Wine and Cheese}{section.2}% 8
\BOOKMARK [2][-]{subsection.2.2}{College tour}{section.2}% 9
\BOOKMARK [2][-]{subsection.2.3}{Curry night}{section.2}% 10
\BOOKMARK [2][-]{subsection.2.4}{Cocktail Night}{section.2}% 11
\BOOKMARK [2][-]{subsection.2.5}{Gown sale}{section.2}% 12
\BOOKMARK [2][-]{subsection.2.6}{Gym induction}{section.2}% 13
\BOOKMARK [2][-]{subsection.2.7}{Punting}{section.2}% 14
\BOOKMARK [2][-]{subsection.2.8}{JCSU bop}{section.2}% 15
\BOOKMARK [2][-]{subsection.2.9}{Afternoon Tea Party for Couples and Families}{section.2}% 16
\BOOKMARK [2][-]{subsection.2.10}{Pub quiz}{section.2}% 17
\BOOKMARK [2][-]{subsection.2.11}{Pizzas and Games}{section.2}% 18
\BOOKMARK [2][-]{subsection.2.12}{Ghost Tour}{section.2}% 19
\BOOKMARK [2][-]{subsection.2.13}{Clare cellar bop}{section.2}% 20
\BOOKMARK [2][-]{subsection.2.14}{Historic guided tour}{section.2}% 21
\BOOKMARK [2][-]{subsection.2.15}{Bar crawl}{section.2}% 22
\BOOKMARK [2][-]{subsection.2.16}{Film night}{section.2}% 23
\BOOKMARK [2][-]{subsection.2.17}{LGBT drinks}{section.2}% 24
\BOOKMARK [2][-]{subsection.2.18}{Safari night}{section.2}% 25
\BOOKMARK [1][-]{section.3}{Super halls}{}% 26
\BOOKMARK [2][-]{subsection.3.1}{Halloween}{section.3}% 27
\BOOKMARK [2][-]{subsection.3.2}{Xmas}{section.3}% 28
\BOOKMARK [2][-]{subsection.3.3}{Burn's night}{section.3}% 29
\BOOKMARK [2][-]{subsection.3.4}{End of year dinner}{section.3}% 30
\BOOKMARK [1][-]{section.4}{Other events}{}% 31
\BOOKMARK [2][-]{subsection.4.1}{Swaps}{section.4}% 32
\BOOKMARK [3][-]{subsubsection.4.1.1}{Colleges}{subsection.4.1}% 33
\BOOKMARK [3][-]{subsubsection.4.1.2}{When they visit}{subsection.4.1}% 34
\BOOKMARK [3][-]{subsubsection.4.1.3}{Selling tickets}{subsection.4.1}% 35
\BOOKMARK [3][-]{subsubsection.4.1.4}{Getting the money}{subsection.4.1}% 36
\BOOKMARK [2][-]{subsection.4.2}{Grad bar night}{section.4}% 37
\BOOKMARK [2][-]{subsection.4.3}{MCR bake off}{section.4}% 38
\BOOKMARK [2][-]{subsection.4.4}{Wine tasting}{section.4}% 39
\BOOKMARK [2][-]{subsection.4.5}{Beer tasting}{section.4}% 40
\BOOKMARK [2][-]{subsection.4.6}{Whisky night}{section.4}% 41
\BOOKMARK [2][-]{subsection.4.7}{Speed dating}{section.4}% 42
